<?xml version="1.0" encoding="UTF-8"?>
<!-- Generated by org.testng.reporters.JUnitXMLReporter -->
<testsuite ignored="0" hostname="ARCHITs-MacBook-Air.local" failures="0" tests="11" name="Test" time="166.869" errors="0" timestamp="2026-02-19T19:40:32 IST">
  <testcase classname="testing.org.scrolling" name="Scrolling1" time="3.268"/>
  <testcase classname="testing.org.sliderdragdrop" name="slider" time="2.888"/>
  <testcase classname="testing.org.uploadfil" name="uploadfile2" time="2.076"/>
  <testcase classname="testing.org.downloads" name="download" time="18.462"/>
  <testcase classname="testing.org.doubleclick" name="doublclick" time="4.1"/>
  <testcase classname="testing.org.alerts" name="alert" time="0.198"/>
  <testcase classname="testing.org.tables" name="dynamictable" time="0.058"/>
  <testcase classname="testing.org.tables" name="paginationtable" time="7.483"/>
  <testcase classname="testing.org.tables" name="table" time="0.078"/>
  <testcase classname="testing.org.main" name="test" time="5.304"/>
  <testcase classname="testing.org.mouseover" name="mousehover" time="2.231"/>
</testsuite> <!-- Test -->
