<?xml version="1.0" encoding="UTF-8"?>
<!-- Generated by org.testng.reporters.JUnitXMLReporter -->
<testsuite ignored="0" hostname="ARCHITs-MacBook-Air.local" failures="0" tests="6" name="Add To Cart Scenario" time="5.503" errors="0" timestamp="2026-04-10T07:01:57 IST">
  <testcase classname="Swaglabes.addtocartsenario$logintestsenario" name="validdetails" time="4.09"/>
  <testcase classname="Swaglabes.addtocartsenario$logintestsenario" name="filter" time="0.202"/>
  <testcase classname="Swaglabes.addtocartsenario$logintestsenario" name="addtocartedting" time="0.058"/>
  <testcase classname="Swaglabes.addtocartsenario$logintestsenario" name="checkout" time="0.093"/>
  <testcase classname="Swaglabes.addtocartsenario$logintestsenario" name="total" time="0.015"/>
  <testcase classname="Swaglabes.addtocartsenario$logintestsenario" name="finalpayment" time="0.03"/>
</testsuite> <!-- Add To Cart Scenario -->
