<?xml version="1.0" encoding="UTF-8"?>
<!-- Generated by org.testng.reporters.JUnitXMLReporter -->
<testsuite ignored="0" hostname="ARCHITs-MacBook-Air.local" failures="0" tests="11" name="Login Tests" time="7.865" errors="0" timestamp="2026-04-10T07:01:50 IST">
  <testcase classname="Swaglabes.Login" name="username" time="0.05"/>
  <testcase classname="Swaglabes.Login" name="password" time="0.053"/>
  <testcase classname="Swaglabes.Login" name="Button" time="0.029"/>
  <testcase classname="Swaglabes.Login" name="fullacces" time="0.103"/>
  <testcase classname="Swaglabes.logintestsenario" name="invalid2" time="0.12"/>
  <testcase classname="Swaglabes.logintestsenario" name="invalid3" time="0.059"/>
  <testcase classname="Swaglabes.logintestsenario" name="invalid4" time="0.062"/>
  <testcase classname="Swaglabes.logintestsenario" name="invalid5" time="0.058"/>
  <testcase classname="Swaglabes.logintestsenario" name="invalid6" time="0.062"/>
  <testcase classname="Swaglabes.logintestsenario" name="invalidpass1" time="0.067"/>
  <testcase classname="Swaglabes.logintestsenario" name="validdetails" time="0.054"/>
</testsuite> <!-- Login Tests -->
