<?xml version="1.0" encoding="UTF-8"?>
<!-- Generated by org.testng.reporters.JUnitXMLReporter -->
<testsuite ignored="0" hostname="ARCHITs-MacBook-Air.local" failures="0" tests="4" name="Product Flow" time="13.933" errors="0" timestamp="2026-04-10T07:02:11 IST">
  <testcase classname="Swaglabes.product" name="producttocart" time="5.043"/>
  <testcase classname="Swaglabes.product" name="filter" time="5.087"/>
  <testcase classname="Swaglabes.product" name="cart" time="0.027"/>
  <testcase classname="Swaglabes.product" name="checkout" time="0.171"/>
</testsuite> <!-- Product Flow -->
