<?xml version="1.0" encoding="UTF-8"?>
<!-- Generated by org.testng.reporters.JUnitXMLReporter -->
<testsuite ignored="0" hostname="ARCHITs-MacBook-Air.local" failures="0" tests="3" name="Search Output" time="14.401" errors="0" timestamp="2026-04-10T07:02:34 IST">
  <testcase classname="Swaglabes.searchoutput$logintestsenario" name="validdetails" time="4.09"/>
  <testcase classname="Swaglabes.searchoutput$logintestsenario" name="filter" time="0.175"/>
  <testcase classname="Swaglabes.searchoutput$logintestsenario" name="removeproduct" time="9.105"/>
</testsuite> <!-- Search Output -->
