<?xml version="1.0" encoding="UTF-8"?>
<!-- Generated by org.testng.reporters.JUnitReportReporter -->
<testsuite hostname="ARCHITs-MacBook-Air.local" failures="0" tests="3" name="testng.testng" time="0.003" errors="0" timestamp="2026-02-19T19:23:33 IST" skipped="0">
  <testcase classname="testng.testng" name="open" time="0.001"/>
  <testcase classname="testng.testng" name="Loginweb" time="0.001"/>
  <testcase classname="testng.testng" name="Logoutweb" time="0.001"/>
</testsuite> <!-- testng.testng -->
