<?xml version="1.0" encoding="UTF-8"?>
<!-- Generated by org.testng.reporters.JUnitReportReporter -->
<testsuite hostname="ARCHITs-MacBook-Air.local" failures="0" tests="4" name="Swaglabes.Login" time="5.573" errors="0" timestamp="2026-04-10T07:02:34 IST" skipped="0">
  <testcase classname="Swaglabes.Login" name="username" time="1.416"/>
  <testcase classname="Swaglabes.Login" name="password" time="1.383"/>
  <testcase classname="Swaglabes.Login" name="Button" time="1.402"/>
  <testcase classname="Swaglabes.Login" name="fullacces" time="1.372"/>
</testsuite> <!-- Swaglabes.Login -->
