<?xml version="1.0" encoding="UTF-8"?>
<!-- Generated by org.testng.reporters.JUnitReportReporter -->
<testsuite hostname="ARCHITs-MacBook-Air.local" failures="0" tests="3" name="listners.listclss" time="26.262" errors="0" timestamp="2026-02-09T08:59:23 IST" skipped="0">
  <testcase classname="listners.listclss" name="Openingwebpage" time="7.355"/>
  <testcase classname="listners.listclss" name="login" time="11.449"/>
  <testcase classname="listners.listclss" name="logout" time="7.458"/>
</testsuite> <!-- listners.listclss -->
