<?xml version="1.0" encoding="UTF-8"?>
<!-- Generated by org.testng.reporters.JUnitReportReporter -->
<testsuite hostname="ARCHITs-MacBook-Air.local" failures="0" tests="3" name="testing.org.tables" time="36.577" errors="0" timestamp="2026-02-19T19:40:32 IST" skipped="0">
  <testcase classname="testing.org.tables" name="paginationtable" time="17.010"/>
  <testcase classname="testing.org.tables" name="dynamictable" time="9.239"/>
  <testcase classname="testing.org.tables" name="table" time="10.328"/>
</testsuite> <!-- testing.org.tables -->
