<?xml version="1.0" encoding="UTF-8"?>
<!-- Generated by org.testng.reporters.JUnitReportReporter -->
<testsuite hostname="ARCHITs-MacBook-Air.local" failures="0" tests="6" name="Swaglabes.addtocartsenario$logintestsenario" time="4.488" errors="0" timestamp="2026-04-10T07:02:34 IST" skipped="0">
  <testcase classname="Swaglabes.addtocartsenario$logintestsenario" name="validdetails" time="4.090"/>
  <testcase classname="Swaglabes.addtocartsenario$logintestsenario" name="filter" time="0.202"/>
  <testcase classname="Swaglabes.addtocartsenario$logintestsenario" name="addtocartedting" time="0.058"/>
  <testcase classname="Swaglabes.addtocartsenario$logintestsenario" name="checkout" time="0.093"/>
  <testcase classname="Swaglabes.addtocartsenario$logintestsenario" name="total" time="0.015"/>
  <testcase classname="Swaglabes.addtocartsenario$logintestsenario" name="finalpayment" time="0.030"/>
</testsuite> <!-- Swaglabes.addtocartsenario$logintestsenario -->
