<?xml version="1.0" encoding="UTF-8"?>
<!-- Generated by org.testng.reporters.JUnitReportReporter -->
<testsuite hostname="ARCHITs-MacBook-Air.local" failures="0" tests="3" name="Swaglabes.searchoutput$logintestsenario" time="13.370" errors="0" timestamp="2026-04-10T07:02:34 IST" skipped="0">
  <testcase classname="Swaglabes.searchoutput$logintestsenario" name="validdetails" time="4.090"/>
  <testcase classname="Swaglabes.searchoutput$logintestsenario" name="filter" time="0.175"/>
  <testcase classname="Swaglabes.searchoutput$logintestsenario" name="removeproduct" time="9.105"/>
</testsuite> <!-- Swaglabes.searchoutput$logintestsenario -->
