<?xml version="1.0" encoding="UTF-8"?>
<!-- Generated by org.testng.reporters.JUnitReportReporter -->
<testsuite hostname="ARCHITs-MacBook-Air.local" failures="0" tests="3" name="testng.Orangehrm" time="33.282" errors="0" timestamp="2026-02-19T19:23:33 IST" skipped="0">
  <testcase classname="testng.Orangehrm" name="logout" time="11.437"/>
  <testcase classname="testng.Orangehrm" name="Openingwebpage" time="20.507"/>
  <testcase classname="testng.Orangehrm" name="login" time="1.338"/>
</testsuite> <!-- testng.Orangehrm -->
