<?xml version="1.0" encoding="UTF-8"?>
<!-- Generated by org.testng.reporters.JUnitReportReporter -->
<testsuite hostname="ARCHITs-MacBook-Air.local" failures="0" tests="7" name="Swaglabes.logintestsenario" time="0.482" errors="0" timestamp="2026-04-10T07:02:34 IST" skipped="0">
  <testcase classname="Swaglabes.logintestsenario" name="invalid4" time="0.062"/>
  <testcase classname="Swaglabes.logintestsenario" name="invalidpass1" time="0.067"/>
  <testcase classname="Swaglabes.logintestsenario" name="invalid5" time="0.058"/>
  <testcase classname="Swaglabes.logintestsenario" name="invalid2" time="0.120"/>
  <testcase classname="Swaglabes.logintestsenario" name="invalid6" time="0.062"/>
  <testcase classname="Swaglabes.logintestsenario" name="validdetails" time="0.054"/>
  <testcase classname="Swaglabes.logintestsenario" name="invalid3" time="0.059"/>
</testsuite> <!-- Swaglabes.logintestsenario -->
