<?xml version="1.0" encoding="UTF-8"?>
<!-- Generated by org.testng.reporters.JUnitReportReporter -->
<testsuite hostname="ARCHITs-MacBook-Air.local" failures="0" tests="4" name="gfg.gfg2" time="134.343" errors="0" timestamp="2026-02-17T08:56:56 IST" skipped="0">
  <testcase classname="gfg.gfg2" name="orangehrm" time="26.893"/>
  <testcase classname="gfg.gfg2" name="orangehrm" time="46.573"/>
  <testcase classname="gfg.gfg2" name="orangehrm" time="24.281"/>
  <testcase classname="gfg.gfg2" name="orangehrm" time="36.596"/>
</testsuite> <!-- gfg.gfg2 -->
