<?xml version="1.0" encoding="UTF-8"?>
<!-- Generated by org.testng.reporters.JUnitReportReporter -->
<testsuite hostname="ARCHITs-MacBook-Air.local" failures="0" tests="4" name="gfg.gfg" time="117.322" errors="0" timestamp="2026-02-17T08:56:56 IST" skipped="0">
  <testcase classname="gfg.gfg" name="orangehrm" time="31.466"/>
  <testcase classname="gfg.gfg" name="orangehrm" time="24.298"/>
  <testcase classname="gfg.gfg" name="orangehrm" time="12.444"/>
  <testcase classname="gfg.gfg" name="orangehrm" time="49.114"/>
</testsuite> <!-- gfg.gfg -->
