<?xml version="1.0" encoding="UTF-8"?>
<!-- Generated by org.testng.reporters.JUnitReportReporter -->
<testsuite hostname="ARCHITs-MacBook-Air.local" failures="0" tests="16" name="fulltest.testingtest" time="234.330" errors="0" timestamp="2026-02-19T18:33:56 IST" skipped="0">
  <testcase classname="fulltest.testingtest" name="table" time="9.253"/>
  <testcase classname="fulltest.testingtest" name="download" time="32.409"/>
  <testcase classname="fulltest.testingtest" name="dynamictable" time="9.798"/>
  <testcase classname="fulltest.testingtest" name="mousehover" time="11.394"/>
  <testcase classname="fulltest.testingtest" name="paginationtable" time="16.379"/>
  <testcase classname="fulltest.testingtest" name="Scrolling1" time="11.420"/>
  <testcase classname="fulltest.testingtest" name="fourm" time="9.947"/>
  <testcase classname="fulltest.testingtest" name="test" time="35.443"/>
  <testcase classname="fulltest.testingtest" name="uploadfile2" time="10.486"/>
  <testcase classname="fulltest.testingtest" name="doublclick" time="13.543"/>
  <testcase classname="fulltest.testingtest" name="slider" time="12.214"/>
  <testcase classname="fulltest.testingtest" name="link" time="11.245"/>
  <testcase classname="fulltest.testingtest" name="alert" time="9.037"/>
  <testcase classname="fulltest.testingtest" name="dynamicbutton" time="12.570"/>
  <testcase classname="fulltest.testingtest" name="uploadfile" time="16.118"/>
  <testcase classname="fulltest.testingtest" name="wikipedia" time="13.074"/>
</testsuite> <!-- fulltest.testingtest -->
